###############################################################
#  Generated by:      Cadence Encounter 13.13-s017_1
#  OS:                Linux x86_64(Host ID microelnsys)
#  Generated on:      Tue Oct 31 22:34:47 2017
#  Design:            top_level
#  Command:           verifyConnectivity -type all -error 1000 -warning 50
###############################################################
Verify Connectivity Report is created on Tue Oct 31 22:34:47 2017



Net vdd: special open at (1.685, 171.975) (175.395, 172.145)
Net vdd: special open at (1.685, 1.565) (175.395, 174.555)
Net vdd: special open at (1.685, 3.975) (175.395, 4.145)
Net vdd: dangling Wire at (174.595, 171.975) (174.595, 171.975) on layer: M6
Net vdd: dangling Wire at (160.780, 171.975) (160.780, 171.975) on layer: M6
Net vdd: dangling Wire at (140.780, 171.975) (140.780, 171.975) on layer: M6
Net vdd: dangling Wire at (120.780, 171.975) (120.780, 171.975) on layer: M6
Net vdd: dangling Wire at (100.780, 171.975) (100.780, 171.975) on layer: M6
Net vdd: dangling Wire at (174.595, 3.975) (174.595, 3.975) on layer: M6
Net vdd: dangling Wire at (160.780, 3.975) (160.780, 3.975) on layer: M6
Net vdd: dangling Wire at (140.780, 3.975) (140.780, 3.975) on layer: M6
Net vdd: dangling Wire at (120.780, 3.975) (120.780, 3.975) on layer: M6
Net vdd: dangling Wire at (100.780, 3.975) (100.780, 3.975) on layer: M6
Net vdd: dangling Wire at (80.780, 171.975) (80.780, 171.975) on layer: M6
Net vdd: dangling Wire at (60.780, 171.975) (60.780, 171.975) on layer: M6
Net vdd: dangling Wire at (40.780, 171.975) (40.780, 171.975) on layer: M6
Net vdd: dangling Wire at (20.780, 171.975) (20.780, 171.975) on layer: M6
Net vdd: dangling Wire at (1.685, 171.975) (1.685, 171.975) on layer: M6
Net vdd: dangling Wire at (80.780, 3.975) (80.780, 3.975) on layer: M6
Net vdd: dangling Wire at (60.780, 3.975) (60.780, 3.975) on layer: M6
Net vdd: dangling Wire at (40.780, 3.975) (40.780, 3.975) on layer: M6
Net vdd: dangling Wire at (20.780, 3.975) (20.780, 3.975) on layer: M6
Net vdd: dangling Wire at (1.685, 3.975) (1.685, 3.975) on layer: M6

Begin Summary
    3 Problem(s) (ENCVFC-200): Special Wires: Pieces of the net are not connected together.
    20 Problem(s) (ENCVFC-94): The net has dangling wire(s).
    23 total info(s) created.
End Summary
